fast/fastapp/app/bin/outputs/logs/manifest-merger-release-report.txt
-- Merging decision tree log ---
manifest
ADDED from src/main/AndroidManifest.xml:2:1-36:12
	package
		ADDED from src/main/AndroidManifest.xml:5:5-37
		INJECTED from src/main/AndroidManifest.xml
		INJECTED from src/main/AndroidManifest.xml
	android:sharedUserId
		ADDED from src/main/AndroidManifest.xml:4:5-46
	android:versionName
		INJECTED from src/main/AndroidManifest.xml
		INJECTED from src/main/AndroidManifest.xml
	xmlns:tools
		ADDED from src/main/AndroidManifest.xml:3:5-51
	xmlns:android
		ADDED from src/main/AndroidManifest.xml:2:11-69
	android:versionCode
		INJECTED from src/main/AndroidManifest.xml
		INJECTED from src/main/AndroidManifest.xml
uses-permission#android.permission.WRITE_SECURE_SETTINGS
ADDED from src/main/AndroidManifest.xml:7:5-80
	android:name
		ADDED from src/main/AndroidManifest.xml:7:22-77
application
ADDED from src/main/AndroidManifest.xml:9:5-34:19
MERGED from [com.android.support:appcompat-v7:26.0.0-alpha1] AndroidManifest.xml:29:5-20
MERGED from [com.android.support:support-v4:26.0.0-alpha1] AndroidManifest.xml:29:5-20
MERGED from [com.android.support:support-media-compat:26.0.0-alpha1] AndroidManifest.xml:29:5-20
MERGED from [com.android.support:support-fragment:26.0.0-alpha1] AndroidManifest.xml:29:5-20
MERGED from [com.android.support:support-core-ui:26.0.0-alpha1] AndroidManifest.xml:29:5-20
MERGED from [com.android.support:support-core-utils:26.0.0-alpha1] AndroidManifest.xml:29:5-20
MERGED from [com.android.support:animated-vector-drawable:26.0.0-alpha1] AndroidManifest.xml:26:5-20
MERGED from [com.android.support:support-vector-drawable:26.0.0-alpha1] AndroidManifest.xml:26:5-20
MERGED from [com.android.support:support-compat:26.0.0-alpha1] AndroidManifest.xml:29:5-20
MERGED from [fastapp.Libraries:DroidPlugin:unspecified] AndroidManifest.xml:180:5-5045:19
MERGED from [com.android.support.constraint:constraint-layout:1.0.2] AndroidManifest.xml:9:5-20
	android:label
		ADDED from src/main/AndroidManifest.xml:13:9-41
	android:supportsRtl
		ADDED from src/main/AndroidManifest.xml:15:9-35
	android:roundIcon
		ADDED from src/main/AndroidManifest.xml:14:9-54
	tools:ignore
		ADDED from src/main/AndroidManifest.xml:17:9-48
	android:allowBackup
		ADDED from src/main/AndroidManifest.xml:11:9-35
	android:icon
		ADDED from src/main/AndroidManifest.xml:12:9-43
	android:theme
		ADDED from src/main/AndroidManifest.xml:16:9-40
	android:name
		ADDED from src/main/AndroidManifest.xml:10:9-55
activity#com.jidouauto.fast.app.FastMainActivity
ADDED from src/main/AndroidManifest.xml:28:9-33:20
	android:name
		ADDED from src/main/AndroidManifest.xml:28:19-51
intent-filter#android.intent.action.MAIN+android.intent.category.LAUNCHER
ADDED from src/main/AndroidManifest.xml:29:13-32:29
action#android.intent.action.MAIN
ADDED from src/main/AndroidManifest.xml:30:17-69
	android:name
		ADDED from src/main/AndroidManifest.xml:30:25-66
category#android.intent.category.LAUNCHER
ADDED from src/main/AndroidManifest.xml:31:17-77
	android:name
		ADDED from src/main/AndroidManifest.xml:31:27-74
uses-sdk
INJECTED from src/main/AndroidManifest.xml reason: use-sdk injection requested
MERGED from [com.android.support:appcompat-v7:26.0.0-alpha1] AndroidManifest.xml:21:5-23:78
MERGED from [com.android.support:support-v4:26.0.0-alpha1] AndroidManifest.xml:21:5-23:54
MERGED from [com.android.support:support-media-compat:26.0.0-alpha1] AndroidManifest.xml:21:5-23:63
MERGED from [com.android.support:support-fragment:26.0.0-alpha1] AndroidManifest.xml:21:5-23:60
MERGED from [com.android.support:support-core-ui:26.0.0-alpha1] AndroidManifest.xml:21:5-23:58
MERGED from [com.android.support:support-core-utils:26.0.0-alpha1] AndroidManifest.xml:21:5-23:61
MERGED from [com.android.support:animated-vector-drawable:26.0.0-alpha1] AndroidManifest.xml:20:5-44
MERGED from [com.android.support:support-vector-drawable:26.0.0-alpha1] AndroidManifest.xml:20:5-44
MERGED from [com.android.support:support-compat:26.0.0-alpha1] AndroidManifest.xml:21:5-23:58
MERGED from [fastapp.Libraries:DroidPlugin:unspecified] AndroidManifest.xml:30:5-43
MERGED from [com.android.support.constraint:constraint-layout:1.0.2] AndroidManifest.xml:5:5-7:41
	tools:overrideLibrary
		ADDED from [com.android.support:appcompat-v7:26.0.0-alpha1] AndroidManifest.xml:23:9-75
	android:targetSdkVersion
		INJECTED from src/main/AndroidManifest.xml
		INJECTED from src/main/AndroidManifest.xml
	android:minSdkVersion
		INJECTED from src/main/AndroidManifest.xml
		INJECTED from src/main/AndroidManifest.xml
meta-data#android.support.VERSION
ADDED from [com.android.support:appcompat-v7:26.0.0-alpha1] AndroidManifest.xml:25:5-27:41
MERGED from [com.android.support:support-v4:26.0.0-alpha1] AndroidManifest.xml:25:5-27:41
MERGED from [com.android.support:support-media-compat:26.0.0-alpha1] AndroidManifest.xml:25:5-27:41
MERGED from [com.android.support:support-fragment:26.0.0-alpha1] AndroidManifest.xml:25:5-27:41
MERGED from [com.android.support:support-core-ui:26.0.0-alpha1] AndroidManifest.xml:25:5-27:41
MERGED from [com.android.support:support-core-utils:26.0.0-alpha1] AndroidManifest.xml:25:5-27:41
MERGED from [com.android.support:animated-vector-drawable:26.0.0-alpha1] AndroidManifest.xml:22:5-24:41
MERGED from [com.android.support:support-vector-drawable:26.0.0-alpha1] AndroidManifest.xml:22:5-24:41
MERGED from [com.android.support:support-compat:26.0.0-alpha1] AndroidManifest.xml:25:5-27:41
	android:value
		ADDED from [com.android.support:appcompat-v7:26.0.0-alpha1] AndroidManifest.xml:27:9-38
	android:name
		ADDED from [com.android.support:appcompat-v7:26.0.0-alpha1] AndroidManifest.xml:26:9-47
uses-permission#android.permission.ACCESS_COARSE_LOCATION
ADDED from [fastapp.Libraries:DroidPlugin:unspecified] AndroidManifest.xml:33:5-81
	android:name
		ADDED from [fastapp.Libraries:DroidPlugin:unspecified] AndroidManifest.xml:33:22-78
uses-permission#android.permission.ACCESS_FINE_LOCATION
ADDED from [fastapp.Libraries:DroidPlugin:unspecified] AndroidManifest.xml:34:5-79
	android:name
		ADDED from [fastapp.Libraries:DroidPlugin:unspecified] AndroidManifest.xml:34:22-76
uses-permission#android.permission.ACCESS_LOCATION_EXTRA_COMMANDS
ADDED from [fastapp.Libraries:DroidPlugin:unspecified] AndroidManifest.xml:35:5-89
	android:name
		ADDED from [fastapp.Libraries:DroidPlugin:unspecified] AndroidManifest.xml:35:22-86
uses-permission#android.permission.ACCESS_NETWORK_STATE
ADDED from [fastapp.Libraries:DroidPlugin:unspecified] AndroidManifest.xml:36:5-79
	android:name
		ADDED from [fastapp.Libraries:DroidPlugin:unspecified] AndroidManifest.xml:36:22-76
uses-permission#android.permission.ACCESS_WIFI_STATE
ADDED from [fastapp.Libraries:DroidPlugin:unspecified] AndroidManifest.xml:37:5-76
	android:name
		ADDED from [fastapp.Libraries:DroidPlugin:unspecified] AndroidManifest.xml:37:22-73
uses-permission#android.permission.ACCESS_WIMAX_STATE
ADDED from [fastapp.Libraries:DroidPlugin:unspecified] AndroidManifest.xml:38:5-77
	android:name
		ADDED from [fastapp.Libraries:DroidPlugin:unspecified] AndroidManifest.xml:38:22-74
uses-permission#android.permission.AUTHENTICATE_ACCOUNTS
ADDED from [fastapp.Libraries:DroidPlugin:unspecified] AndroidManifest.xml:39:5-80
	android:name
		ADDED from [fastapp.Libraries:DroidPlugin:unspecified] AndroidManifest.xml:39:22-77
uses-permission#android.permission.BLUETOOTH
ADDED from [fastapp.Libraries:DroidPlugin:unspecified] AndroidManifest.xml:40:5-68
	android:name
		ADDED from [fastapp.Libraries:DroidPlugin:unspecified] AndroidManifest.xml:40:22-65
uses-permission#android.permission.BLUETOOTH_ADMIN
ADDED from [fastapp.Libraries:DroidPlugin:unspecified] AndroidManifest.xml:41:5-74
	android:name
		ADDED from [fastapp.Libraries:DroidPlugin:unspecified] AndroidManifest.xml:41:22-71
uses-permission#android.permission.BODY_SENSORS
ADDED from [fastapp.Libraries:DroidPlugin:unspecified] AndroidManifest.xml:42:5-71
	android:name
		ADDED from [fastapp.Libraries:DroidPlugin:unspecified] AndroidManifest.xml:42:22-68
uses-permission#android.permission.BROADCAST_STICKY
ADDED from [fastapp.Libraries:DroidPlugin:unspecified] AndroidManifest.xml:43:5-75
	android:name
		ADDED from [fastapp.Libraries:DroidPlugin:unspecified] AndroidManifest.xml:43:22-72
uses-permission#android.permission.CALL_PHONE
ADDED from [fastapp.Libraries:DroidPlugin:unspecified] AndroidManifest.xml:44:5-69
	android:name
		ADDED from [fastapp.Libraries:DroidPlugin:unspecified] AndroidManifest.xml:44:22-66
uses-permission#android.permission.CAMERA
ADDED from [fastapp.Libraries:DroidPlugin:unspecified] AndroidManifest.xml:45:5-65
	android:name
		ADDED from [fastapp.Libraries:DroidPlugin:unspecified] AndroidManifest.xml:45:22-62
uses-permission#android.permission.CHANGE_NETWORK_STATE
ADDED from [fastapp.Libraries:DroidPlugin:unspecified] AndroidManifest.xml:46:5-79
	android:name
		ADDED from [fastapp.Libraries:DroidPlugin:unspecified] AndroidManifest.xml:46:22-76
uses-permission#android.permission.CHANGE_WIFI_MULTICAST_STATE
ADDED from [fastapp.Libraries:DroidPlugin:unspecified] AndroidManifest.xml:47:5-86
	android:name
		ADDED from [fastapp.Libraries:DroidPlugin:unspecified] AndroidManifest.xml:47:22-83
uses-permission#android.permission.CHANGE_WIFI_STATE
ADDED from [fastapp.Libraries:DroidPlugin:unspecified] AndroidManifest.xml:48:5-76
	android:name
		ADDED from [fastapp.Libraries:DroidPlugin:unspecified] AndroidManifest.xml:48:22-73
uses-permission#android.permission.CHANGE_WIMAX_STATE
ADDED from [fastapp.Libraries:DroidPlugin:unspecified] AndroidManifest.xml:49:5-77
	android:name
		ADDED from [fastapp.Libraries:DroidPlugin:unspecified] AndroidManifest.xml:49:22-74
uses-permission#android.permission.CLEAR_APP_CACHE
ADDED from [fastapp.Libraries:DroidPlugin:unspecified] AndroidManifest.xml:50:5-74
	android:name
		ADDED from [fastapp.Libraries:DroidPlugin:unspecified] AndroidManifest.xml:50:22-71
uses-permission#android.permission.DISABLE_KEYGUARD
ADDED from [fastapp.Libraries:DroidPlugin:unspecified] AndroidManifest.xml:51:5-75
	android:name
		ADDED from [fastapp.Libraries:DroidPlugin:unspecified] AndroidManifest.xml:51:22-72
uses-permission#android.permission.DOWNLOAD_WITHOUT_NOTIFICATION
ADDED from [fastapp.Libraries:DroidPlugin:unspecified] AndroidManifest.xml:52:5-88
	android:name
		ADDED from [fastapp.Libraries:DroidPlugin:unspecified] AndroidManifest.xml:52:22-85
uses-permission#android.permission.EXPAND_STATUS_BAR
ADDED from [fastapp.Libraries:DroidPlugin:unspecified] AndroidManifest.xml:53:5-76
	android:name
		ADDED from [fastapp.Libraries:DroidPlugin:unspecified] AndroidManifest.xml:53:22-73
uses-permission#android.permission.FLASHLIGHT
ADDED from [fastapp.Libraries:DroidPlugin:unspecified] AndroidManifest.xml:54:5-69
	android:name
		ADDED from [fastapp.Libraries:DroidPlugin:unspecified] AndroidManifest.xml:54:22-66
uses-permission#android.permission.GET_ACCOUNTS
ADDED from [fastapp.Libraries:DroidPlugin:unspecified] AndroidManifest.xml:55:5-71
	android:name
		ADDED from [fastapp.Libraries:DroidPlugin:unspecified] AndroidManifest.xml:55:22-68
uses-permission#android.permission.GET_PACKAGE_SIZE
ADDED from [fastapp.Libraries:DroidPlugin:unspecified] AndroidManifest.xml:56:5-75
	android:name
		ADDED from [fastapp.Libraries:DroidPlugin:unspecified] AndroidManifest.xml:56:22-72
uses-permission#android.permission.GET_TASKS
ADDED from [fastapp.Libraries:DroidPlugin:unspecified] AndroidManifest.xml:57:5-68
	android:name
		ADDED from [fastapp.Libraries:DroidPlugin:unspecified] AndroidManifest.xml:57:22-65
uses-permission#android.permission.INTERNET
ADDED from [fastapp.Libraries:DroidPlugin:unspecified] AndroidManifest.xml:58:5-67
	android:name
		ADDED from [fastapp.Libraries:DroidPlugin:unspecified] AndroidManifest.xml:58:22-64
uses-permission#android.permission.KILL_BACKGROUND_PROCESSES
ADDED from [fastapp.Libraries:DroidPlugin:unspecified] AndroidManifest.xml:59:5-84
	android:name
		ADDED from [fastapp.Libraries:DroidPlugin:unspecified] AndroidManifest.xml:59:22-81
uses-permission#android.permission.MANAGE_ACCOUNTS
ADDED from [fastapp.Libraries:DroidPlugin:unspecified] AndroidManifest.xml:60:5-74
	android:name
		ADDED from [fastapp.Libraries:DroidPlugin:unspecified] AndroidManifest.xml:60:22-71
uses-permission#android.permission.MODIFY_AUDIO_SETTINGS
ADDED from [fastapp.Libraries:DroidPlugin:unspecified] AndroidManifest.xml:61:5-80
	android:name
		ADDED from [fastapp.Libraries:DroidPlugin:unspecified] AndroidManifest.xml:61:22-77
uses-permission#android.permission.NFC
ADDED from [fastapp.Libraries:DroidPlugin:unspecified] AndroidManifest.xml:62:5-62
	android:name
		ADDED from [fastapp.Libraries:DroidPlugin:unspecified] AndroidManifest.xml:62:22-59
uses-permission#android.permission.PERSISTENT_ACTIVITY
ADDED from [fastapp.Libraries:DroidPlugin:unspecified] AndroidManifest.xml:63:5-78
	android:name
		ADDED from [fastapp.Libraries:DroidPlugin:unspecified] AndroidManifest.xml:63:22-75
uses-permission#android.permission.PROCESS_OUTGOING_CALLS
ADDED from [fastapp.Libraries:DroidPlugin:unspecified] AndroidManifest.xml:64:5-81
	android:name
		ADDED from [fastapp.Libraries:DroidPlugin:unspecified] AndroidManifest.xml:64:22-78
uses-permission#android.permission.READ_CALENDAR
ADDED from [fastapp.Libraries:DroidPlugin:unspecified] AndroidManifest.xml:65:5-72
	android:name
		ADDED from [fastapp.Libraries:DroidPlugin:unspecified] AndroidManifest.xml:65:22-69
uses-permission#android.permission.READ_CALL_LOG
ADDED from [fastapp.Libraries:DroidPlugin:unspecified] AndroidManifest.xml:66:5-72
IMPLIED from src/main/AndroidManifest.xml:2:1-36:12 reason: com.morgoo.droidplugin has targetSdkVersion < 16 and requested READ_CONTACTS
	android:name
		ADDED from [fastapp.Libraries:DroidPlugin:unspecified] AndroidManifest.xml:66:22-69
uses-permission#android.permission.READ_CELL_BROADCASTS
ADDED from [fastapp.Libraries:DroidPlugin:unspecified] AndroidManifest.xml:67:5-79
	android:name
		ADDED from [fastapp.Libraries:DroidPlugin:unspecified] AndroidManifest.xml:67:22-76
uses-permission#android.permission.READ_CONTACTS
ADDED from [fastapp.Libraries:DroidPlugin:unspecified] AndroidManifest.xml:68:5-72
	android:name
		ADDED from [fastapp.Libraries:DroidPlugin:unspecified] AndroidManifest.xml:68:22-69
uses-permission#android.permission.READ_EXTERNAL_STORAGE
ADDED from [fastapp.Libraries:DroidPlugin:unspecified] AndroidManifest.xml:69:5-80
IMPLIED from src/main/AndroidManifest.xml:2:1-36:12 reason: com.morgoo.droidplugin requested WRITE_EXTERNAL_STORAGE
	android:name
		ADDED from [fastapp.Libraries:DroidPlugin:unspecified] AndroidManifest.xml:69:22-77
uses-permission#android.permission.READ_INSTALL_SESSIONS
ADDED from [fastapp.Libraries:DroidPlugin:unspecified] AndroidManifest.xml:70:5-80
	android:name
		ADDED from [fastapp.Libraries:DroidPlugin:unspecified] AndroidManifest.xml:70:22-77
uses-permission#android.permission.READ_PHONE_STATE
ADDED from [fastapp.Libraries:DroidPlugin:unspecified] AndroidManifest.xml:71:5-75
	android:name
		ADDED from [fastapp.Libraries:DroidPlugin:unspecified] AndroidManifest.xml:71:22-72
uses-permission#android.permission.READ_PROFILE
ADDED from [fastapp.Libraries:DroidPlugin:unspecified] AndroidManifest.xml:72:5-71
	android:name
		ADDED from [fastapp.Libraries:DroidPlugin:unspecified] AndroidManifest.xml:72:22-68
uses-permission#android.permission.READ_SMS
ADDED from [fastapp.Libraries:DroidPlugin:unspecified] AndroidManifest.xml:73:5-67
	android:name
		ADDED from [fastapp.Libraries:DroidPlugin:unspecified] AndroidManifest.xml:73:22-64
uses-permission#android.permission.READ_SOCIAL_STREAM
ADDED from [fastapp.Libraries:DroidPlugin:unspecified] AndroidManifest.xml:74:5-77
	android:name
		ADDED from [fastapp.Libraries:DroidPlugin:unspecified] AndroidManifest.xml:74:22-74
uses-permission#android.permission.READ_SYNC_SETTINGS
ADDED from [fastapp.Libraries:DroidPlugin:unspecified] AndroidManifest.xml:75:5-77
	android:name
		ADDED from [fastapp.Libraries:DroidPlugin:unspecified] AndroidManifest.xml:75:22-74
uses-permission#android.permission.READ_SYNC_STATS
ADDED from [fastapp.Libraries:DroidPlugin:unspecified] AndroidManifest.xml:76:5-74
	android:name
		ADDED from [fastapp.Libraries:DroidPlugin:unspecified] AndroidManifest.xml:76:22-71
uses-permission#android.permission.READ_USER_DICTIONARY
ADDED from [fastapp.Libraries:DroidPlugin:unspecified] AndroidManifest.xml:77:5-79
	android:name
		ADDED from [fastapp.Libraries:DroidPlugin:unspecified] AndroidManifest.xml:77:22-76
uses-permission#android.permission.RECEIVE_BOOT_COMPLETED
ADDED from [fastapp.Libraries:DroidPlugin:unspecified] AndroidManifest.xml:78:5-81
	android:name
		ADDED from [fastapp.Libraries:DroidPlugin:unspecified] AndroidManifest.xml:78:22-78
uses-permission#android.permission.RECEIVE_MMS
ADDED from [fastapp.Libraries:DroidPlugin:unspecified] AndroidManifest.xml:79:5-70
	android:name
		ADDED from [fastapp.Libraries:DroidPlugin:unspecified] AndroidManifest.xml:79:22-67
uses-permission#android.permission.RECEIVE_SMS
ADDED from [fastapp.Libraries:DroidPlugin:unspecified] AndroidManifest.xml:80:5-70
	android:name
		ADDED from [fastapp.Libraries:DroidPlugin:unspecified] AndroidManifest.xml:80:22-67
uses-permission#android.permission.RECEIVE_WAP_PUSH
ADDED from [fastapp.Libraries:DroidPlugin:unspecified] AndroidManifest.xml:81:5-75
	android:name
		ADDED from [fastapp.Libraries:DroidPlugin:unspecified] AndroidManifest.xml:81:22-72
uses-permission#android.permission.RECORD_AUDIO
ADDED from [fastapp.Libraries:DroidPlugin:unspecified] AndroidManifest.xml:82:5-71
	android:name
		ADDED from [fastapp.Libraries:DroidPlugin:unspecified] AndroidManifest.xml:82:22-68
uses-permission#android.permission.REORDER_TASKS
ADDED from [fastapp.Libraries:DroidPlugin:unspecified] AndroidManifest.xml:83:5-72
	android:name
		ADDED from [fastapp.Libraries:DroidPlugin:unspecified] AndroidManifest.xml:83:22-69
uses-permission#android.permission.RESTART_PACKAGES
ADDED from [fastapp.Libraries:DroidPlugin:unspecified] AndroidManifest.xml:84:5-75
	android:name
		ADDED from [fastapp.Libraries:DroidPlugin:unspecified] AndroidManifest.xml:84:22-72
uses-permission#android.permission.SEND_SMS
ADDED from [fastapp.Libraries:DroidPlugin:unspecified] AndroidManifest.xml:85:5-67
	android:name
		ADDED from [fastapp.Libraries:DroidPlugin:unspecified] AndroidManifest.xml:85:22-64
uses-permission#android.permission.SET_TIME_ZONE
ADDED from [fastapp.Libraries:DroidPlugin:unspecified] AndroidManifest.xml:86:5-72
	android:name
		ADDED from [fastapp.Libraries:DroidPlugin:unspecified] AndroidManifest.xml:86:22-69
uses-permission#android.permission.SET_WALLPAPER
ADDED from [fastapp.Libraries:DroidPlugin:unspecified] AndroidManifest.xml:87:5-72
	android:name
		ADDED from [fastapp.Libraries:DroidPlugin:unspecified] AndroidManifest.xml:87:22-69
uses-permission#android.permission.SET_WALLPAPER_HINTS
ADDED from [fastapp.Libraries:DroidPlugin:unspecified] AndroidManifest.xml:88:5-78
	android:name
		ADDED from [fastapp.Libraries:DroidPlugin:unspecified] AndroidManifest.xml:88:22-75
uses-permission#android.permission.SUBSCRIBED_FEEDS_READ
ADDED from [fastapp.Libraries:DroidPlugin:unspecified] AndroidManifest.xml:89:5-80
	android:name
		ADDED from [fastapp.Libraries:DroidPlugin:unspecified] AndroidManifest.xml:89:22-77
uses-permission#android.permission.SUBSCRIBED_FEEDS_WRITE
ADDED from [fastapp.Libraries:DroidPlugin:unspecified] AndroidManifest.xml:90:5-81
	android:name
		ADDED from [fastapp.Libraries:DroidPlugin:unspecified] AndroidManifest.xml:90:22-78
uses-permission#android.permission.SYSTEM_ALERT_WINDOW
ADDED from [fastapp.Libraries:DroidPlugin:unspecified] AndroidManifest.xml:91:5-78
	android:name
		ADDED from [fastapp.Libraries:DroidPlugin:unspecified] AndroidManifest.xml:91:22-75
uses-permission#android.permission.TRANSMIT_IR
ADDED from [fastapp.Libraries:DroidPlugin:unspecified] AndroidManifest.xml:92:5-70
	android:name
		ADDED from [fastapp.Libraries:DroidPlugin:unspecified] AndroidManifest.xml:92:22-67
uses-permission#android.permission.USE_CREDENTIALS
ADDED from [fastapp.Libraries:DroidPlugin:unspecified] AndroidManifest.xml:93:5-74
	android:name
		ADDED from [fastapp.Libraries:DroidPlugin:unspecified] AndroidManifest.xml:93:22-71
uses-permission#android.permission.USE_SIP
ADDED from [fastapp.Libraries:DroidPlugin:unspecified] AndroidManifest.xml:94:5-66
	android:name
		ADDED from [fastapp.Libraries:DroidPlugin:unspecified] AndroidManifest.xml:94:22-63
uses-permission#android.permission.VIBRATE
ADDED from [fastapp.Libraries:DroidPlugin:unspecified] AndroidManifest.xml:95:5-66
	android:name
		ADDED from [fastapp.Libraries:DroidPlugin:unspecified] AndroidManifest.xml:95:22-63
uses-permission#android.permission.WAKE_LOCK
ADDED from [fastapp.Libraries:DroidPlugin:unspecified] AndroidManifest.xml:96:5-68
	android:name
		ADDED from [fastapp.Libraries:DroidPlugin:unspecified] AndroidManifest.xml:96:22-65
uses-permission#android.permission.WRITE_CALENDAR
ADDED from [fastapp.Libraries:DroidPlugin:unspecified] AndroidManifest.xml:97:5-73
	android:name
		ADDED from [fastapp.Libraries:DroidPlugin:unspecified] AndroidManifest.xml:97:22-70
uses-permission#android.permission.WRITE_CALL_LOG
ADDED from [fastapp.Libraries:DroidPlugin:unspecified] AndroidManifest.xml:98:5-73
IMPLIED from src/main/AndroidManifest.xml:2:1-36:12 reason: com.morgoo.droidplugin has targetSdkVersion < 16 and requested WRITE_CONTACTS
	android:name
		ADDED from [fastapp.Libraries:DroidPlugin:unspecified] AndroidManifest.xml:98:22-70
uses-permission#android.permission.WRITE_CONTACTS
ADDED from [fastapp.Libraries:DroidPlugin:unspecified] AndroidManifest.xml:99:5-73
	android:name
		ADDED from [fastapp.Libraries:DroidPlugin:unspecified] AndroidManifest.xml:99:22-70
uses-permission#android.permission.WRITE_EXTERNAL_STORAGE
ADDED from [fastapp.Libraries:DroidPlugin:unspecified] AndroidManifest.xml:100:5-81
	android:name
		ADDED from [fastapp.Libraries:DroidPlugin:unspecified] AndroidManifest.xml:100:22-78
uses-permission#android.permission.WRITE_PROFILE
ADDED from [fastapp.Libraries:DroidPlugin:unspecified] AndroidManifest.xml:101:5-72
	android:name
		ADDED from [fastapp.Libraries:DroidPlugin:unspecified] AndroidManifest.xml:101:22-69
uses-permission#android.permission.WRITE_SETTINGS
ADDED from [fastapp.Libraries:DroidPlugin:unspecified] AndroidManifest.xml:102:5-73
	android:name
		ADDED from [fastapp.Libraries:DroidPlugin:unspecified] AndroidManifest.xml:102:22-70
uses-permission#android.permission.WRITE_SMS
ADDED from [fastapp.Libraries:DroidPlugin:unspecified] AndroidManifest.xml:103:5-68
	android:name
		ADDED from [fastapp.Libraries:DroidPlugin:unspecified] AndroidManifest.xml:103:22-65
uses-permission#android.permission.WRITE_SOCIAL_STREAM
ADDED from [fastapp.Libraries:DroidPlugin:unspecified] AndroidManifest.xml:104:5-78
	android:name
		ADDED from [fastapp.Libraries:DroidPlugin:unspecified] AndroidManifest.xml:104:22-75
uses-permission#android.permission.WRITE_SYNC_SETTINGS
ADDED from [fastapp.Libraries:DroidPlugin:unspecified] AndroidManifest.xml:105:5-78
	android:name
		ADDED from [fastapp.Libraries:DroidPlugin:unspecified] AndroidManifest.xml:105:22-75
uses-permission#android.permission.WRITE_USER_DICTIONARY
ADDED from [fastapp.Libraries:DroidPlugin:unspecified] AndroidManifest.xml:106:5-80
	android:name
		ADDED from [fastapp.Libraries:DroidPlugin:unspecified] AndroidManifest.xml:106:22-77
uses-permission#com.android.alarm.permission.SET_ALARM
ADDED from [fastapp.Libraries:DroidPlugin:unspecified] AndroidManifest.xml:107:5-78
	android:name
		ADDED from [fastapp.Libraries:DroidPlugin:unspecified] AndroidManifest.xml:107:22-75
uses-permission#com.android.browser.permission.READ_HISTORY_BOOKMARKS
ADDED from [fastapp.Libraries:DroidPlugin:unspecified] AndroidManifest.xml:108:5-93
	android:name
		ADDED from [fastapp.Libraries:DroidPlugin:unspecified] AndroidManifest.xml:108:22-90
uses-permission#com.android.browser.permission.WRITE_HISTORY_BOOKMARKS
ADDED from [fastapp.Libraries:DroidPlugin:unspecified] AndroidManifest.xml:109:5-94
	android:name
		ADDED from [fastapp.Libraries:DroidPlugin:unspecified] AndroidManifest.xml:109:22-91
uses-permission#com.android.launcher.permission.INSTALL_SHORTCUT
ADDED from [fastapp.Libraries:DroidPlugin:unspecified] AndroidManifest.xml:110:5-88
	android:name
		ADDED from [fastapp.Libraries:DroidPlugin:unspecified] AndroidManifest.xml:110:22-85
uses-permission#com.android.launcher.permission.UNINSTALL_SHORTCUT
ADDED from [fastapp.Libraries:DroidPlugin:unspecified] AndroidManifest.xml:111:5-90
	android:name
		ADDED from [fastapp.Libraries:DroidPlugin:unspecified] AndroidManifest.xml:111:22-87
uses-permission#com.android.vending.BILLING
ADDED from [fastapp.Libraries:DroidPlugin:unspecified] AndroidManifest.xml:112:5-67
	android:name
		ADDED from [fastapp.Libraries:DroidPlugin:unspecified] AndroidManifest.xml:112:22-64
uses-permission#com.android.vending.CHECK_LICENSE
ADDED from [fastapp.Libraries:DroidPlugin:unspecified] AndroidManifest.xml:113:5-73
	android:name
		ADDED from [fastapp.Libraries:DroidPlugin:unspecified] AndroidManifest.xml:113:22-70
uses-permission#com.android.voicemail.permission.ADD_VOICEMAIL
ADDED from [fastapp.Libraries:DroidPlugin:unspecified] AndroidManifest.xml:114:5-86
	android:name
		ADDED from [fastapp.Libraries:DroidPlugin:unspecified] AndroidManifest.xml:114:22-83
uses-permission#com.google.android.c2dm.permission.RECEIVE
ADDED from [fastapp.Libraries:DroidPlugin:unspecified] AndroidManifest.xml:115:5-82
	android:name
		ADDED from [fastapp.Libraries:DroidPlugin:unspecified] AndroidManifest.xml:115:22-79
uses-permission#com.google.android.gms.permission.ACTIVITY_RECOGNITION
ADDED from [fastapp.Libraries:DroidPlugin:unspecified] AndroidManifest.xml:116:5-94
	android:name
		ADDED from [fastapp.Libraries:DroidPlugin:unspecified] AndroidManifest.xml:116:22-91
uses-permission#com.google.android.gms.permission.AD_ID_NOTIFICATION
ADDED from [fastapp.Libraries:DroidPlugin:unspecified] AndroidManifest.xml:117:5-92
	android:name
		ADDED from [fastapp.Libraries:DroidPlugin:unspecified] AndroidManifest.xml:117:22-89
uses-permission#com.google.android.googleapps.permission.GOOGLE_AUTH
ADDED from [fastapp.Libraries:DroidPlugin:unspecified] AndroidManifest.xml:118:5-92
	android:name
		ADDED from [fastapp.Libraries:DroidPlugin:unspecified] AndroidManifest.xml:118:22-89
uses-permission#com.google.android.googleapps.permission.GOOGLE_AUTH.OTHER_SERVICES
ADDED from [fastapp.Libraries:DroidPlugin:unspecified] AndroidManifest.xml:119:5-107
	android:name
		ADDED from [fastapp.Libraries:DroidPlugin:unspecified] AndroidManifest.xml:119:22-104
uses-permission#com.google.android.googleapps.permission.GOOGLE_AUTH.YouTubeUser
ADDED from [fastapp.Libraries:DroidPlugin:unspecified] AndroidManifest.xml:120:5-104
	android:name
		ADDED from [fastapp.Libraries:DroidPlugin:unspecified] AndroidManifest.xml:120:22-101
uses-permission#com.google.android.googleapps.permission.GOOGLE_AUTH.adsense
ADDED from [fastapp.Libraries:DroidPlugin:unspecified] AndroidManifest.xml:121:5-100
	android:name
		ADDED from [fastapp.Libraries:DroidPlugin:unspecified] AndroidManifest.xml:121:22-97
uses-permission#com.google.android.googleapps.permission.GOOGLE_AUTH.adwords
ADDED from [fastapp.Libraries:DroidPlugin:unspecified] AndroidManifest.xml:122:5-100
	android:name
		ADDED from [fastapp.Libraries:DroidPlugin:unspecified] AndroidManifest.xml:122:22-97
uses-permission#com.google.android.googleapps.permission.GOOGLE_AUTH.ah
ADDED from [fastapp.Libraries:DroidPlugin:unspecified] AndroidManifest.xml:123:5-95
	android:name
		ADDED from [fastapp.Libraries:DroidPlugin:unspecified] AndroidManifest.xml:123:22-92
uses-permission#com.google.android.googleapps.permission.GOOGLE_AUTH.android
ADDED from [fastapp.Libraries:DroidPlugin:unspecified] AndroidManifest.xml:124:5-100
	android:name
		ADDED from [fastapp.Libraries:DroidPlugin:unspecified] AndroidManifest.xml:124:22-97
uses-permission#com.google.android.googleapps.permission.GOOGLE_AUTH.androidsecure
ADDED from [fastapp.Libraries:DroidPlugin:unspecified] AndroidManifest.xml:125:5-106
	android:name
		ADDED from [fastapp.Libraries:DroidPlugin:unspecified] AndroidManifest.xml:125:22-103
uses-permission#com.google.android.googleapps.permission.GOOGLE_AUTH.blogger
ADDED from [fastapp.Libraries:DroidPlugin:unspecified] AndroidManifest.xml:126:5-100
	android:name
		ADDED from [fastapp.Libraries:DroidPlugin:unspecified] AndroidManifest.xml:126:22-97
uses-permission#com.google.android.googleapps.permission.GOOGLE_AUTH.cl
ADDED from [fastapp.Libraries:DroidPlugin:unspecified] AndroidManifest.xml:127:5-95
	android:name
		ADDED from [fastapp.Libraries:DroidPlugin:unspecified] AndroidManifest.xml:127:22-92
uses-permission#com.google.android.googleapps.permission.GOOGLE_AUTH.cp
ADDED from [fastapp.Libraries:DroidPlugin:unspecified] AndroidManifest.xml:128:5-95
	android:name
		ADDED from [fastapp.Libraries:DroidPlugin:unspecified] AndroidManifest.xml:128:22-92
uses-permission#com.google.android.googleapps.permission.GOOGLE_AUTH.dodgeball
ADDED from [fastapp.Libraries:DroidPlugin:unspecified] AndroidManifest.xml:129:5-102
	android:name
		ADDED from [fastapp.Libraries:DroidPlugin:unspecified] AndroidManifest.xml:129:22-99
uses-permission#com.google.android.googleapps.permission.GOOGLE_AUTH.finance
ADDED from [fastapp.Libraries:DroidPlugin:unspecified] AndroidManifest.xml:130:5-100
	android:name
		ADDED from [fastapp.Libraries:DroidPlugin:unspecified] AndroidManifest.xml:130:22-97
uses-permission#com.google.android.googleapps.permission.GOOGLE_AUTH.gbase
ADDED from [fastapp.Libraries:DroidPlugin:unspecified] AndroidManifest.xml:131:5-98
	android:name
		ADDED from [fastapp.Libraries:DroidPlugin:unspecified] AndroidManifest.xml:131:22-95
uses-permission#com.google.android.googleapps.permission.GOOGLE_AUTH.grandcentral
ADDED from [fastapp.Libraries:DroidPlugin:unspecified] AndroidManifest.xml:132:5-105
	android:name